Ticks per second: 3
Sent a message at 1678177152095 at logical clock time 0.
Received message at 1678177152433 at logical clock time 1. Queue length is 0.
Internal event at 1678177152770 at logical clock time 2.
Sent a message at 1678177153110 at logical clock time 3.
Received message at 1678177153447 at logical clock time 4. Queue length is 0.
Sent a message at 1678177153792 at logical clock time 5.
Sent a message at 1678177154135 at logical clock time 6.
Received message at 1678177154473 at logical clock time 7. Queue length is 0.
Sent two messages at 1678177154876 at logical clock time 8.
Sent a message at 1678177155220 at logical clock time 9.
Sent a message at 1678177155562 at logical clock time 10.
Sent two messages at 1678177155906 at logical clock time 11.
Internal event at 1678177156240 at logical clock time 12.
Internal event at 1678177156577 at logical clock time 13.
Sent a message at 1678177156922 at logical clock time 14.
Sent two messages at 1678177157268 at logical clock time 15.
Internal event at 1678177157606 at logical clock time 16.
Sent two messages at 1678177157949 at logical clock time 17.
Sent a message at 1678177158296 at logical clock time 18.
Sent a message at 1678177158638 at logical clock time 19.
Internal event at 1678177158973 at logical clock time 20.
Sent two messages at 1678177159316 at logical clock time 21.
Sent two messages at 1678177159666 at logical clock time 22.
Sent a message at 1678177160007 at logical clock time 23.
Sent a message at 1678177160346 at logical clock time 24.
Sent a message at 1678177160690 at logical clock time 25.
Internal event at 1678177161027 at logical clock time 26.
Internal event at 1678177161364 at logical clock time 27.
Internal event at 1678177161700 at logical clock time 28.
Sent a message at 1678177162040 at logical clock time 29.
Internal event at 1678177162378 at logical clock time 30.
Sent a message at 1678177162720 at logical clock time 31.
Internal event at 1678177163055 at logical clock time 32.
Sent a message at 1678177163395 at logical clock time 33.
Sent two messages at 1678177163740 at logical clock time 34.
Sent a message at 1678177164083 at logical clock time 35.
Sent a message at 1678177164428 at logical clock time 36.
Sent a message at 1678177164767 at logical clock time 37.
Internal event at 1678177165105 at logical clock time 38.
Internal event at 1678177165442 at logical clock time 39.
Sent a message at 1678177165784 at logical clock time 40.
Sent a message at 1678177166123 at logical clock time 41.
Internal event at 1678177166458 at logical clock time 42.
Sent a message at 1678177166798 at logical clock time 43.
Internal event at 1678177167135 at logical clock time 44.
Internal event at 1678177167469 at logical clock time 45.
Sent two messages at 1678177167814 at logical clock time 46.
Sent a message at 1678177168155 at logical clock time 47.
Sent two messages at 1678177168499 at logical clock time 48.
Internal event at 1678177168836 at logical clock time 49.
Sent two messages at 1678177169178 at logical clock time 50.
Internal event at 1678177169515 at logical clock time 51.
Internal event at 1678177169849 at logical clock time 52.
Internal event at 1678177170185 at logical clock time 53.
Internal event at 1678177170524 at logical clock time 54.
Sent a message at 1678177170865 at logical clock time 55.
Sent a message at 1678177171208 at logical clock time 56.
Sent two messages at 1678177171557 at logical clock time 57.
Internal event at 1678177171895 at logical clock time 58.
Internal event at 1678177172230 at logical clock time 59.
Sent a message at 1678177172574 at logical clock time 60.
Sent a message at 1678177172914 at logical clock time 61.
Sent two messages at 1678177173261 at logical clock time 62.
Internal event at 1678177173598 at logical clock time 63.
Sent a message at 1678177173940 at logical clock time 64.
Sent a message at 1678177174279 at logical clock time 65.
Sent a message at 1678177174623 at logical clock time 66.
Sent two messages at 1678177174970 at logical clock time 67.
Internal event at 1678177175305 at logical clock time 68.
Internal event at 1678177175639 at logical clock time 69.
Sent a message at 1678177175983 at logical clock time 70.
Sent a message at 1678177176326 at logical clock time 71.
Internal event at 1678177176664 at logical clock time 72.
Sent two messages at 1678177177018 at logical clock time 73.
Sent a message at 1678177177358 at logical clock time 74.
Sent two messages at 1678177177706 at logical clock time 75.
Sent two messages at 1678177178049 at logical clock time 76.
Sent a message at 1678177178389 at logical clock time 77.
Internal event at 1678177178726 at logical clock time 78.
Sent a message at 1678177179066 at logical clock time 79.
Internal event at 1678177179402 at logical clock time 80.
Internal event at 1678177179736 at logical clock time 81.
Internal event at 1678177180074 at logical clock time 82.
Internal event at 1678177180411 at logical clock time 83.
Sent a message at 1678177180757 at logical clock time 84.
Internal event at 1678177181093 at logical clock time 85.
Sent a message at 1678177181439 at logical clock time 86.
Sent a message at 1678177181782 at logical clock time 87.
Sent a message at 1678177182122 at logical clock time 88.
Internal event at 1678177182455 at logical clock time 89.
Sent a message at 1678177182797 at logical clock time 90.
Sent a message at 1678177183142 at logical clock time 91.
Internal event at 1678177183475 at logical clock time 92.
Internal event at 1678177183812 at logical clock time 93.
Sent two messages at 1678177184162 at logical clock time 94.
Internal event at 1678177184500 at logical clock time 95.
Sent a message at 1678177184841 at logical clock time 96.
Sent two messages at 1678177185190 at logical clock time 97.
Internal event at 1678177185526 at logical clock time 98.
Internal event at 1678177185862 at logical clock time 99.
Sent a message at 1678177186204 at logical clock time 100.
Sent a message at 1678177186546 at logical clock time 101.
Sent two messages at 1678177186895 at logical clock time 102.
Sent a message at 1678177187235 at logical clock time 103.
Sent a message at 1678177187574 at logical clock time 104.
Sent two messages at 1678177187922 at logical clock time 105.
Sent two messages at 1678177188269 at logical clock time 106.
Sent a message at 1678177188608 at logical clock time 107.
Internal event at 1678177188943 at logical clock time 108.
Internal event at 1678177189281 at logical clock time 109.
Internal event at 1678177189617 at logical clock time 110.
Internal event at 1678177189955 at logical clock time 111.
Internal event at 1678177190291 at logical clock time 112.
Internal event at 1678177190625 at logical clock time 113.
Sent a message at 1678177190966 at logical clock time 114.
Sent a message at 1678177191310 at logical clock time 115.
Sent two messages at 1678177191653 at logical clock time 116.
Internal event at 1678177191991 at logical clock time 117.
Sent a message at 1678177192334 at logical clock time 118.
Sent two messages at 1678177192683 at logical clock time 119.
Internal event at 1678177193021 at logical clock time 120.
Sent a message at 1678177193364 at logical clock time 121.
Internal event at 1678177193699 at logical clock time 122.
Internal event at 1678177194033 at logical clock time 123.
Internal event at 1678177194369 at logical clock time 124.
Sent two messages at 1678177194715 at logical clock time 125.
Sent two messages at 1678177195064 at logical clock time 126.
Sent a message at 1678177195400 at logical clock time 127.
Internal event at 1678177195734 at logical clock time 128.
Internal event at 1678177196070 at logical clock time 129.
Internal event at 1678177196408 at logical clock time 130.
Internal event at 1678177196744 at logical clock time 131.
Internal event at 1678177197080 at logical clock time 132.
Sent two messages at 1678177197427 at logical clock time 133.
Sent a message at 1678177197772 at logical clock time 134.
Sent a message at 1678177198111 at logical clock time 135.
Sent a message at 1678177198454 at logical clock time 136.
Internal event at 1678177198791 at logical clock time 137.
Internal event at 1678177199126 at logical clock time 138.
Sent two messages at 1678177199476 at logical clock time 139.
Sent a message at 1678177199813 at logical clock time 140.
Sent a message at 1678177200154 at logical clock time 141.
Internal event at 1678177200491 at logical clock time 142.
Sent a message at 1678177200834 at logical clock time 143.
Sent two messages at 1678177201183 at logical clock time 144.
Sent a message at 1678177201523 at logical clock time 145.
Sent two messages at 1678177201864 at logical clock time 146.
Internal event at 1678177202198 at logical clock time 147.
Sent a message at 1678177202541 at logical clock time 148.
Internal event at 1678177202879 at logical clock time 149.
Internal event at 1678177203215 at logical clock time 150.
Internal event at 1678177203549 at logical clock time 151.
Sent a message at 1678177203891 at logical clock time 152.
Sent two messages at 1678177204237 at logical clock time 153.
Sent a message at 1678177204579 at logical clock time 154.
Sent two messages at 1678177204923 at logical clock time 155.
Internal event at 1678177205261 at logical clock time 156.
Sent two messages at 1678177205607 at logical clock time 157.
Sent two messages at 1678177205950 at logical clock time 158.
Internal event at 1678177206288 at logical clock time 159.
Internal event at 1678177206623 at logical clock time 160.
Internal event at 1678177206958 at logical clock time 161.
Internal event at 1678177207293 at logical clock time 162.
Sent a message at 1678177207635 at logical clock time 163.
Sent two messages at 1678177207983 at logical clock time 164.
Sent a message at 1678177208323 at logical clock time 165.
Internal event at 1678177208658 at logical clock time 166.
Internal event at 1678177208994 at logical clock time 167.
Sent a message at 1678177209336 at logical clock time 168.
Internal event at 1678177209674 at logical clock time 169.
