Ticks per second: 3
Received message at 1678177252627 at logical clock time 0. Queue length is 0.
Sent a message at 1678177253041 at logical clock time 1.
Internal event at 1678177253375 at logical clock time 2.
Internal event at 1678177253712 at logical clock time 3.
Received message at 1678177254045 at logical clock time 4. Queue length is 1.
Received message at 1678177254381 at logical clock time 5. Queue length is 0.
Received message at 1678177254718 at logical clock time 6. Queue length is 0.
Received message at 1678177255055 at logical clock time 7. Queue length is 0.
Internal event at 1678177255389 at logical clock time 8.
Sent a message at 1678177255740 at logical clock time 9.
Internal event at 1678177256077 at logical clock time 10.
Received message at 1678177256415 at logical clock time 11. Queue length is 0.
Received message at 1678177256749 at logical clock time 12. Queue length is 0.
Sent two messages at 1678177257101 at logical clock time 13.
Internal event at 1678177257438 at logical clock time 14.
Internal event at 1678177257772 at logical clock time 15.
Sent two messages at 1678177258114 at logical clock time 16.
Sent a message at 1678177258452 at logical clock time 17.
Sent two messages at 1678177258798 at logical clock time 18.
Internal event at 1678177259136 at logical clock time 19.
Received message at 1678177259472 at logical clock time 20. Queue length is 0.
Internal event at 1678177259810 at logical clock time 21.
Received message at 1678177260146 at logical clock time 22. Queue length is 0.
Internal event at 1678177260480 at logical clock time 23.
Received message at 1678177260817 at logical clock time 24. Queue length is 0.
Received message at 1678177261155 at logical clock time 25. Queue length is 0.
Internal event at 1678177261491 at logical clock time 26.
Received message at 1678177261827 at logical clock time 27. Queue length is 0.
Received message at 1678177262165 at logical clock time 28. Queue length is 0.
Sent a message at 1678177262507 at logical clock time 29.
Received message at 1678177262843 at logical clock time 30. Queue length is 0.
Received message at 1678177263179 at logical clock time 31. Queue length is 0.
Sent a message at 1678177263527 at logical clock time 32.
Received message at 1678177263864 at logical clock time 33. Queue length is 0.
Internal event at 1678177264199 at logical clock time 34.
Sent a message at 1678177264539 at logical clock time 35.
Internal event at 1678177264876 at logical clock time 36.
Sent a message at 1678177265222 at logical clock time 37.
Received message at 1678177265555 at logical clock time 38. Queue length is 0.
Received message at 1678177265890 at logical clock time 39. Queue length is 0.
Received message at 1678177266225 at logical clock time 40. Queue length is 0.
Sent two messages at 1678177266577 at logical clock time 41.
Internal event at 1678177266915 at logical clock time 42.
Sent a message at 1678177267254 at logical clock time 43.
Internal event at 1678177267587 at logical clock time 44.
Sent a message at 1678177267928 at logical clock time 45.
Sent a message at 1678177268272 at logical clock time 46.
Sent a message at 1678177268614 at logical clock time 47.
Sent a message at 1678177268958 at logical clock time 48.
Internal event at 1678177269296 at logical clock time 49.
Internal event at 1678177269633 at logical clock time 50.
Received message at 1678177269970 at logical clock time 51. Queue length is 0.
Sent two messages at 1678177270314 at logical clock time 52.
Sent a message at 1678177270656 at logical clock time 53.
Received message at 1678177270995 at logical clock time 54. Queue length is 0.
Received message at 1678177271331 at logical clock time 55. Queue length is 0.
Sent a message at 1678177271675 at logical clock time 56.
Sent a message at 1678177272014 at logical clock time 57.
Sent two messages at 1678177272360 at logical clock time 58.
Received message at 1678177272697 at logical clock time 59. Queue length is 0.
Sent a message at 1678177273035 at logical clock time 60.
Internal event at 1678177273370 at logical clock time 61.
Sent a message at 1678177273714 at logical clock time 62.
Received message at 1678177274050 at logical clock time 63. Queue length is 0.
Sent a message at 1678177274395 at logical clock time 64.
Received message at 1678177274731 at logical clock time 65. Queue length is 0.
Received message at 1678177275069 at logical clock time 66. Queue length is 0.
Sent a message at 1678177275408 at logical clock time 67.
Sent a message at 1678177275749 at logical clock time 68.
Sent two messages at 1678177276096 at logical clock time 69.
Received message at 1678177276432 at logical clock time 70. Queue length is 0.
Sent two messages at 1678177276784 at logical clock time 71.
Received message at 1678177277120 at logical clock time 72. Queue length is 0.
Sent a message at 1678177277460 at logical clock time 73.
Internal event at 1678177277797 at logical clock time 74.
Received message at 1678177278133 at logical clock time 75. Queue length is 0.
Sent a message at 1678177278477 at logical clock time 76.
Internal event at 1678177278814 at logical clock time 77.
Internal event at 1678177279148 at logical clock time 78.
Internal event at 1678177279485 at logical clock time 79.
Received message at 1678177279822 at logical clock time 80. Queue length is 0.
Sent a message at 1678177280164 at logical clock time 81.
Internal event at 1678177280497 at logical clock time 82.
Received message at 1678177280835 at logical clock time 83. Queue length is 0.
Received message at 1678177281170 at logical clock time 84. Queue length is 0.
Received message at 1678177281505 at logical clock time 85. Queue length is 0.
Received message at 1678177281839 at logical clock time 86. Queue length is 0.
Received message at 1678177282176 at logical clock time 87. Queue length is 0.
Sent two messages at 1678177282523 at logical clock time 88.
Sent a message at 1678177282861 at logical clock time 89.
Sent a message at 1678177283204 at logical clock time 90.
Sent a message at 1678177283544 at logical clock time 91.
Sent two messages at 1678177283890 at logical clock time 92.
Internal event at 1678177284228 at logical clock time 93.
Received message at 1678177284562 at logical clock time 94. Queue length is 0.
Internal event at 1678177284898 at logical clock time 95.
Internal event at 1678177285232 at logical clock time 96.
Received message at 1678177285570 at logical clock time 97. Queue length is 0.
Sent a message at 1678177285911 at logical clock time 98.
Sent a message at 1678177286255 at logical clock time 99.
Internal event at 1678177286592 at logical clock time 100.
Received message at 1678177286929 at logical clock time 101. Queue length is 0.
Received message at 1678177287265 at logical clock time 102. Queue length is 0.
Sent two messages at 1678177287609 at logical clock time 103.
Sent two messages at 1678177287956 at logical clock time 104.
Sent a message at 1678177288296 at logical clock time 105.
Sent a message at 1678177288634 at logical clock time 106.
Sent a message at 1678177288977 at logical clock time 107.
Internal event at 1678177289312 at logical clock time 108.
Internal event at 1678177289645 at logical clock time 109.
Sent a message at 1678177289988 at logical clock time 110.
Received message at 1678177290322 at logical clock time 111. Queue length is 0.
Sent a message at 1678177290662 at logical clock time 112.
Internal event at 1678177290998 at logical clock time 113.
Received message at 1678177291331 at logical clock time 114. Queue length is 0.
Sent a message at 1678177291676 at logical clock time 115.
Sent a message at 1678177292017 at logical clock time 116.
Sent a message at 1678177292358 at logical clock time 117.
Internal event at 1678177292693 at logical clock time 118.
Received message at 1678177293031 at logical clock time 119. Queue length is 0.
Sent a message at 1678177293370 at logical clock time 120.
Received message at 1678177293705 at logical clock time 121. Queue length is 0.
Internal event at 1678177294041 at logical clock time 122.
Sent a message at 1678177294381 at logical clock time 123.
Sent two messages at 1678177294730 at logical clock time 124.
Internal event at 1678177295066 at logical clock time 125.
Sent a message at 1678177295402 at logical clock time 126.
Sent a message at 1678177295742 at logical clock time 127.
Internal event at 1678177296076 at logical clock time 128.
Sent a message at 1678177296413 at logical clock time 129.
Internal event at 1678177296748 at logical clock time 130.
Internal event at 1678177297086 at logical clock time 131.
Sent a message at 1678177297425 at logical clock time 132.
Received message at 1678177297759 at logical clock time 133. Queue length is 0.
Received message at 1678177298095 at logical clock time 134. Queue length is 0.
Internal event at 1678177298431 at logical clock time 135.
Internal event at 1678177298769 at logical clock time 136.
Sent two messages at 1678177299115 at logical clock time 137.
Sent a message at 1678177299457 at logical clock time 138.
Sent two messages at 1678177299802 at logical clock time 139.
Internal event at 1678177300139 at logical clock time 140.
Internal event at 1678177300472 at logical clock time 141.
Internal event at 1678177300810 at logical clock time 142.
Received message at 1678177301143 at logical clock time 143. Queue length is 0.
Received message at 1678177301480 at logical clock time 144. Queue length is 0.
Received message at 1678177301818 at logical clock time 145. Queue length is 0.
Sent two messages at 1678177302186 at logical clock time 146.
Internal event at 1678177302522 at logical clock time 147.
Sent a message at 1678177302863 at logical clock time 148.
Sent a message at 1678177303204 at logical clock time 149.
Received message at 1678177303541 at logical clock time 150. Queue length is 0.
Received message at 1678177303878 at logical clock time 151. Queue length is 0.
Received message at 1678177304212 at logical clock time 152. Queue length is 0.
Sent two messages at 1678177304556 at logical clock time 153.
Sent a message at 1678177304896 at logical clock time 154.
Received message at 1678177305233 at logical clock time 155. Queue length is 0.
Received message at 1678177305569 at logical clock time 156. Queue length is 0.
Received message at 1678177305906 at logical clock time 157. Queue length is 0.
Received message at 1678177306244 at logical clock time 158. Queue length is 0.
Received message at 1678177306580 at logical clock time 159. Queue length is 0.
Internal event at 1678177306918 at logical clock time 160.
Sent two messages at 1678177307263 at logical clock time 161.
Sent a message at 1678177307604 at logical clock time 162.
Sent a message at 1678177307945 at logical clock time 163.
Received message at 1678177308283 at logical clock time 164. Queue length is 0.
Internal event at 1678177308621 at logical clock time 165.
Received message at 1678177308957 at logical clock time 166. Queue length is 0.
Sent two messages at 1678177309302 at logical clock time 167.
Internal event at 1678177309636 at logical clock time 168.
Received message at 1678177309971 at logical clock time 169. Queue length is 0.
Received message at 1678177310307 at logical clock time 170. Queue length is 0.
Received message at 1678177310641 at logical clock time 171. Queue length is 0.
Sent a message at 1678177310982 at logical clock time 172.
