Ticks per second: 3
Sent a message at 1678177252592 at logical clock time 0.
Received message at 1678177252926 at logical clock time 1. Queue length is 0.
Received message at 1678177253261 at logical clock time 2. Queue length is 0.
Internal event at 1678177253597 at logical clock time 3.
Sent a message at 1678177253939 at logical clock time 4.
Received message at 1678177254276 at logical clock time 5. Queue length is 0.
Sent a message at 1678177254623 at logical clock time 6.
Received message at 1678177254959 at logical clock time 7. Queue length is 0.
Sent a message at 1678177255371 at logical clock time 8.
Internal event at 1678177255707 at logical clock time 9.
Internal event at 1678177256043 at logical clock time 10.
Sent a message at 1678177256391 at logical clock time 11.
Sent a message at 1678177256737 at logical clock time 12.
Internal event at 1678177257071 at logical clock time 13.
Received message at 1678177257408 at logical clock time 14. Queue length is 0.
Internal event at 1678177257742 at logical clock time 15.
Sent a message at 1678177258084 at logical clock time 16.
Received message at 1678177258419 at logical clock time 17. Queue length is 0.
Received message at 1678177258755 at logical clock time 18. Queue length is 0.
Received message at 1678177259089 at logical clock time 19. Queue length is 0.
Sent a message at 1678177259430 at logical clock time 20.
Internal event at 1678177259768 at logical clock time 21.
Sent a message at 1678177260112 at logical clock time 22.
Internal event at 1678177260448 at logical clock time 23.
Sent a message at 1678177260786 at logical clock time 24.
Sent two messages at 1678177261135 at logical clock time 25.
Sent a message at 1678177261478 at logical clock time 26.
Sent a message at 1678177261815 at logical clock time 27.
Sent a message at 1678177262159 at logical clock time 28.
Sent a message at 1678177262498 at logical clock time 29.
Sent a message at 1678177262838 at logical clock time 30.
Sent a message at 1678177263180 at logical clock time 31.
Internal event at 1678177263517 at logical clock time 32.
Sent a message at 1678177263861 at logical clock time 33.
Internal event at 1678177264197 at logical clock time 34.
Sent a message at 1678177264554 at logical clock time 35.
Internal event at 1678177264888 at logical clock time 36.
Sent two messages at 1678177265236 at logical clock time 37.
Sent a message at 1678177265582 at logical clock time 38.
Sent two messages at 1678177265933 at logical clock time 39.
Internal event at 1678177266271 at logical clock time 40.
Received message at 1678177266605 at logical clock time 41. Queue length is 0.
Sent a message at 1678177266943 at logical clock time 42.
Received message at 1678177267278 at logical clock time 43. Queue length is 0.
Internal event at 1678177267616 at logical clock time 44.
Received message at 1678177267950 at logical clock time 45. Queue length is 0.
Internal event at 1678177268286 at logical clock time 46.
Internal event at 1678177268620 at logical clock time 47.
Internal event at 1678177268956 at logical clock time 48.
Internal event at 1678177269290 at logical clock time 49.
Internal event at 1678177269627 at logical clock time 50.
Sent two messages at 1678177269977 at logical clock time 51.
Received message at 1678177270311 at logical clock time 52. Queue length is 0.
Sent a message at 1678177270656 at logical clock time 53.
Sent a message at 1678177271001 at logical clock time 54.
Sent a message at 1678177271346 at logical clock time 55.
Internal event at 1678177271681 at logical clock time 56.
Received message at 1678177272018 at logical clock time 57. Queue length is 0.
Received message at 1678177272356 at logical clock time 58. Queue length is 0.
Sent two messages at 1678177272700 at logical clock time 59.
Received message at 1678177273037 at logical clock time 60. Queue length is 0.
Internal event at 1678177273370 at logical clock time 61.
Sent two messages at 1678177273720 at logical clock time 62.
Internal event at 1678177274057 at logical clock time 63.
Sent two messages at 1678177274403 at logical clock time 64.
Sent a message at 1678177274748 at logical clock time 65.
Internal event at 1678177275085 at logical clock time 66.
Received message at 1678177275421 at logical clock time 67. Queue length is 0.
Internal event at 1678177275757 at logical clock time 68.
Received message at 1678177276093 at logical clock time 69. Queue length is 0.
Sent a message at 1678177276433 at logical clock time 70.
Sent a message at 1678177276778 at logical clock time 71.
Received message at 1678177277112 at logical clock time 72. Queue length is 0.
Sent a message at 1678177277452 at logical clock time 73.
Received message at 1678177277789 at logical clock time 74. Queue length is 0.
Sent two messages at 1678177278135 at logical clock time 75.
Internal event at 1678177278473 at logical clock time 76.
Received message at 1678177278808 at logical clock time 77. Queue length is 0.
Internal event at 1678177279144 at logical clock time 78.
Internal event at 1678177279480 at logical clock time 79.
Sent two messages at 1678177279827 at logical clock time 80.
Sent a message at 1678177280171 at logical clock time 81.
Sent a message at 1678177280509 at logical clock time 82.
Sent two messages at 1678177280854 at logical clock time 83.
Sent two messages at 1678177281199 at logical clock time 84.
Sent a message at 1678177281542 at logical clock time 85.
Sent a message at 1678177281882 at logical clock time 86.
Internal event at 1678177282220 at logical clock time 87.
Received message at 1678177282556 at logical clock time 88. Queue length is 0.
Received message at 1678177282894 at logical clock time 89. Queue length is 0.
Internal event at 1678177283231 at logical clock time 90.
Internal event at 1678177283567 at logical clock time 91.
Received message at 1678177283904 at logical clock time 92. Queue length is 0.
Sent two messages at 1678177284250 at logical clock time 93.
Sent a message at 1678177284593 at logical clock time 94.
Sent a message at 1678177284935 at logical clock time 95.
Sent a message at 1678177285279 at logical clock time 96.
Sent a message at 1678177285618 at logical clock time 97.
Sent a message at 1678177285960 at logical clock time 98.
Sent a message at 1678177286299 at logical clock time 99.
Sent a message at 1678177286638 at logical clock time 100.
Sent two messages at 1678177286982 at logical clock time 101.
Internal event at 1678177287320 at logical clock time 102.
Received message at 1678177287658 at logical clock time 103. Queue length is 0.
Received message at 1678177287991 at logical clock time 104. Queue length is 0.
Sent a message at 1678177288329 at logical clock time 105.
Received message at 1678177288667 at logical clock time 106. Queue length is 0.
Internal event at 1678177289001 at logical clock time 107.
Internal event at 1678177289334 at logical clock time 108.
Internal event at 1678177289671 at logical clock time 109.
Sent a message at 1678177290010 at logical clock time 110.
Sent a message at 1678177290347 at logical clock time 111.
Received message at 1678177290682 at logical clock time 112. Queue length is 0.
Sent a message at 1678177291025 at logical clock time 113.
Internal event at 1678177291363 at logical clock time 114.
Internal event at 1678177291701 at logical clock time 115.
Received message at 1678177292034 at logical clock time 116. Queue length is 0.
Received message at 1678177292371 at logical clock time 117. Queue length is 0.
Sent a message at 1678177292715 at logical clock time 118.
Sent a message at 1678177293053 at logical clock time 119.
Sent a message at 1678177293392 at logical clock time 120.
Internal event at 1678177293725 at logical clock time 121.
Sent a message at 1678177294064 at logical clock time 122.
Received message at 1678177294398 at logical clock time 123. Queue length is 0.
Received message at 1678177294735 at logical clock time 124. Queue length is 0.
Internal event at 1678177295069 at logical clock time 125.
Sent a message at 1678177295408 at logical clock time 126.
Internal event at 1678177295746 at logical clock time 127.
Sent a message at 1678177296093 at logical clock time 128.
Internal event at 1678177296427 at logical clock time 129.
Internal event at 1678177296760 at logical clock time 130.
Internal event at 1678177297097 at logical clock time 131.
Sent two messages at 1678177297441 at logical clock time 132.
Sent two messages at 1678177297788 at logical clock time 133.
Internal event at 1678177298122 at logical clock time 134.
Sent a message at 1678177298465 at logical clock time 135.
Sent a message at 1678177298805 at logical clock time 136.
Received message at 1678177299141 at logical clock time 137. Queue length is 0.
Internal event at 1678177299478 at logical clock time 138.
Received message at 1678177299812 at logical clock time 139. Queue length is 0.
Sent a message at 1678177300153 at logical clock time 140.
Internal event at 1678177300489 at logical clock time 141.
Sent a message at 1678177300829 at logical clock time 142.
Sent a message at 1678177301174 at logical clock time 143.
Sent two messages at 1678177301521 at logical clock time 144.
Internal event at 1678177301858 at logical clock time 145.
Received message at 1678177302191 at logical clock time 146. Queue length is 0.
Internal event at 1678177302528 at logical clock time 147.
Internal event at 1678177302862 at logical clock time 148.
Sent a message at 1678177303204 at logical clock time 149.
Sent two messages at 1678177303551 at logical clock time 150.
Sent two messages at 1678177303895 at logical clock time 151.
Sent a message at 1678177304236 at logical clock time 152.
Received message at 1678177304572 at logical clock time 153. Queue length is 0.
Sent a message at 1678177304912 at logical clock time 154.
Sent two messages at 1678177305257 at logical clock time 155.
Sent a message at 1678177305598 at logical clock time 156.
Sent two messages at 1678177305941 at logical clock time 157.
Sent a message at 1678177306282 at logical clock time 158.
Sent a message at 1678177306624 at logical clock time 159.
Internal event at 1678177306960 at logical clock time 160.
Received message at 1678177307297 at logical clock time 161. Queue length is 0.
Internal event at 1678177307634 at logical clock time 162.
Sent a message at 1678177307976 at logical clock time 163.
Sent a message at 1678177308317 at logical clock time 164.
Sent a message at 1678177308658 at logical clock time 165.
Internal event at 1678177308996 at logical clock time 166.
Received message at 1678177309333 at logical clock time 167. Queue length is 0.
Sent two messages at 1678177309678 at logical clock time 168.
Sent two messages at 1678177310018 at logical clock time 169.
Sent a message at 1678177310358 at logical clock time 170.
Sent a message at 1678177310699 at logical clock time 171.
