Ticks per second: 1
Sent two messages at 1678177568196 at logical clock time 0.
Received message at 1678177569199 at logical clock time 1. Queue length is 0.
Received message at 1678177570203 at logical clock time 4. Queue length is 1.
Received message at 1678177571206 at logical clock time 5. Queue length is 1.
Received message at 1678177572206 at logical clock time 8. Queue length is 0.
Received message at 1678177573207 at logical clock time 13. Queue length is 1.
Received message at 1678177574212 at logical clock time 14. Queue length is 0.
Received message at 1678177575217 at logical clock time 18. Queue length is 2.
Received message at 1678177576220 at logical clock time 19. Queue length is 2.
Received message at 1678177577220 at logical clock time 20. Queue length is 1.
Received message at 1678177578221 at logical clock time 21. Queue length is 1.
Received message at 1678177579223 at logical clock time 29. Queue length is 0.
Received message at 1678177580223 at logical clock time 35. Queue length is 0.
Received message at 1678177581226 at logical clock time 37. Queue length is 0.
Received message at 1678177582229 at logical clock time 41. Queue length is 0.
Received message at 1678177583233 at logical clock time 42. Queue length is 1.
Received message at 1678177584234 at logical clock time 43. Queue length is 0.
Received message at 1678177585237 at logical clock time 48. Queue length is 0.
Sent a message at 1678177586249 at logical clock time 49.
Received message at 1678177587253 at logical clock time 55. Queue length is 0.
Internal event at 1678177588257 at logical clock time 56.
Received message at 1678177589262 at logical clock time 60. Queue length is 1.
Received message at 1678177590266 at logical clock time 61. Queue length is 0.
Received message at 1678177591270 at logical clock time 67. Queue length is 1.
Received message at 1678177592272 at logical clock time 68. Queue length is 1.
Received message at 1678177593277 at logical clock time 70. Queue length is 2.
Received message at 1678177594282 at logical clock time 72. Queue length is 2.
Received message at 1678177595285 at logical clock time 73. Queue length is 4.
Received message at 1678177596288 at logical clock time 74. Queue length is 6.
Received message at 1678177597293 at logical clock time 77. Queue length is 6.
Received message at 1678177598296 at logical clock time 78. Queue length is 7.
Received message at 1678177599299 at logical clock time 79. Queue length is 7.
Received message at 1678177600300 at logical clock time 80. Queue length is 6.
Received message at 1678177601304 at logical clock time 81. Queue length is 7.
Received message at 1678177602307 at logical clock time 82. Queue length is 7.
Received message at 1678177603308 at logical clock time 85. Queue length is 6.
Received message at 1678177604311 at logical clock time 86. Queue length is 7.
Received message at 1678177605315 at logical clock time 87. Queue length is 7.
Received message at 1678177606320 at logical clock time 89. Queue length is 7.
Received message at 1678177607323 at logical clock time 95. Queue length is 7.
Received message at 1678177608326 at logical clock time 96. Queue length is 6.
Received message at 1678177609331 at logical clock time 100. Queue length is 7.
Received message at 1678177610333 at logical clock time 104. Queue length is 6.
Received message at 1678177611336 at logical clock time 105. Queue length is 5.
Received message at 1678177612337 at logical clock time 107. Queue length is 5.
Received message at 1678177613337 at logical clock time 112. Queue length is 4.
Received message at 1678177614341 at logical clock time 115. Queue length is 3.
Received message at 1678177615346 at logical clock time 119. Queue length is 4.
Received message at 1678177616347 at logical clock time 121. Queue length is 5.
Received message at 1678177617349 at logical clock time 129. Queue length is 6.
Received message at 1678177618354 at logical clock time 136. Queue length is 6.
Received message at 1678177619359 at logical clock time 137. Queue length is 7.
Received message at 1678177620360 at logical clock time 139. Queue length is 6.
Received message at 1678177621362 at logical clock time 141. Queue length is 6.
Received message at 1678177622365 at logical clock time 143. Queue length is 8.
Received message at 1678177623369 at logical clock time 144. Queue length is 8.
Received message at 1678177624372 at logical clock time 147. Queue length is 9.
Received message at 1678177625373 at logical clock time 148. Queue length is 9.
Received message at 1678177626374 at logical clock time 150. Queue length is 8.
