Ticks per second: 3
Sent two messages at 1678177568124 at logical clock time 0.
Received message at 1678177568462 at logical clock time 1. Queue length is 0.
Internal event at 1678177568798 at logical clock time 2.
Internal event at 1678177569133 at logical clock time 3.
Sent two messages at 1678177569487 at logical clock time 4.
Sent two messages at 1678177569834 at logical clock time 5.
Sent a message at 1678177570180 at logical clock time 6.
Internal event at 1678177570518 at logical clock time 7.
Sent two messages at 1678177570865 at logical clock time 8.
Sent a message at 1678177571210 at logical clock time 9.
Sent a message at 1678177571550 at logical clock time 10.
Internal event at 1678177571884 at logical clock time 11.
Internal event at 1678177572220 at logical clock time 12.
Sent two messages at 1678177572566 at logical clock time 13.
Sent two messages at 1678177572919 at logical clock time 14.
Internal event at 1678177573256 at logical clock time 15.
Internal event at 1678177573592 at logical clock time 16.
Internal event at 1678177573926 at logical clock time 17.
Sent a message at 1678177574271 at logical clock time 18.
Sent two messages at 1678177574623 at logical clock time 19.
Sent two messages at 1678177574974 at logical clock time 20.
Sent a message at 1678177575319 at logical clock time 21.
Sent a message at 1678177575659 at logical clock time 22.
Sent a message at 1678177576005 at logical clock time 23.
Internal event at 1678177576338 at logical clock time 24.
Internal event at 1678177576671 at logical clock time 25.
Sent a message at 1678177577015 at logical clock time 26.
Internal event at 1678177577352 at logical clock time 27.
Sent a message at 1678177577695 at logical clock time 28.
Sent two messages at 1678177578038 at logical clock time 29.
Internal event at 1678177578371 at logical clock time 30.
Internal event at 1678177578709 at logical clock time 31.
Internal event at 1678177579043 at logical clock time 32.
Internal event at 1678177579380 at logical clock time 33.
Sent a message at 1678177579716 at logical clock time 34.
Sent a message at 1678177580055 at logical clock time 35.
Internal event at 1678177580393 at logical clock time 36.
Sent a message at 1678177580735 at logical clock time 37.
Sent a message at 1678177581077 at logical clock time 38.
Internal event at 1678177581412 at logical clock time 39.
Internal event at 1678177581745 at logical clock time 40.
Sent two messages at 1678177582091 at logical clock time 41.
Sent a message at 1678177582429 at logical clock time 42.
Sent a message at 1678177582771 at logical clock time 43.
Internal event at 1678177583106 at logical clock time 44.
Internal event at 1678177583443 at logical clock time 45.
Sent a message at 1678177583787 at logical clock time 46.
Sent a message at 1678177584131 at logical clock time 47.
Sent two messages at 1678177584483 at logical clock time 48.
Internal event at 1678177584820 at logical clock time 49.
Internal event at 1678177585158 at logical clock time 50.
Sent a message at 1678177585498 at logical clock time 51.
Internal event at 1678177585835 at logical clock time 52.
Internal event at 1678177586171 at logical clock time 53.
Received message at 1678177586506 at logical clock time 54. Queue length is 0.
Sent a message at 1678177586847 at logical clock time 55.
Internal event at 1678177587182 at logical clock time 56.
Internal event at 1678177587519 at logical clock time 57.
Internal event at 1678177587856 at logical clock time 58.
Internal event at 1678177588192 at logical clock time 59.
Sent a message at 1678177588537 at logical clock time 60.
Sent a message at 1678177588878 at logical clock time 61.
Internal event at 1678177589211 at logical clock time 62.
Sent a message at 1678177589554 at logical clock time 63.
Internal event at 1678177589892 at logical clock time 64.
Sent a message at 1678177590236 at logical clock time 65.
Internal event at 1678177590573 at logical clock time 66.
Sent two messages at 1678177590919 at logical clock time 67.
Sent a message at 1678177591260 at logical clock time 68.
Sent a message at 1678177591605 at logical clock time 69.
Sent a message at 1678177591948 at logical clock time 70.
Sent a message at 1678177592291 at logical clock time 71.
Sent a message at 1678177592636 at logical clock time 72.
Sent two messages at 1678177592986 at logical clock time 73.
Sent two messages at 1678177593335 at logical clock time 74.
Internal event at 1678177593670 at logical clock time 75.
Internal event at 1678177594006 at logical clock time 76.
Sent a message at 1678177594348 at logical clock time 77.
Sent a message at 1678177594689 at logical clock time 78.
Sent two messages at 1678177595030 at logical clock time 79.
Sent a message at 1678177595376 at logical clock time 80.
Sent a message at 1678177595714 at logical clock time 81.
Sent a message at 1678177596055 at logical clock time 82.
Internal event at 1678177596392 at logical clock time 83.
Internal event at 1678177596726 at logical clock time 84.
Sent two messages at 1678177597071 at logical clock time 85.
Sent a message at 1678177597410 at logical clock time 86.
Sent a message at 1678177597751 at logical clock time 87.
Sent a message at 1678177598091 at logical clock time 88.
Sent a message at 1678177598431 at logical clock time 89.
Sent a message at 1678177598774 at logical clock time 90.
Sent a message at 1678177599115 at logical clock time 91.
Internal event at 1678177599452 at logical clock time 92.
Internal event at 1678177599785 at logical clock time 93.
Internal event at 1678177600120 at logical clock time 94.
Sent two messages at 1678177600463 at logical clock time 95.
Sent two messages at 1678177600811 at logical clock time 96.
Internal event at 1678177601147 at logical clock time 97.
Sent a message at 1678177601492 at logical clock time 98.
Internal event at 1678177601826 at logical clock time 99.
Sent a message at 1678177602172 at logical clock time 100.
Internal event at 1678177602510 at logical clock time 101.
Internal event at 1678177602847 at logical clock time 102.
Sent a message at 1678177603191 at logical clock time 103.
Sent two messages at 1678177603540 at logical clock time 104.
Sent a message at 1678177603882 at logical clock time 105.
Internal event at 1678177604220 at logical clock time 106.
Sent a message at 1678177604564 at logical clock time 107.
Sent a message at 1678177604904 at logical clock time 108.
Sent a message at 1678177605247 at logical clock time 109.
Internal event at 1678177605581 at logical clock time 110.
Sent a message at 1678177605926 at logical clock time 111.
Sent a message at 1678177606265 at logical clock time 112.
Internal event at 1678177606600 at logical clock time 113.
Sent a message at 1678177606942 at logical clock time 114.
Sent two messages at 1678177607287 at logical clock time 115.
Sent a message at 1678177607626 at logical clock time 116.
Sent a message at 1678177607963 at logical clock time 117.
Internal event at 1678177608301 at logical clock time 118.
Sent two messages at 1678177608642 at logical clock time 119.
Internal event at 1678177608976 at logical clock time 120.
Sent two messages at 1678177609320 at logical clock time 121.
Internal event at 1678177609656 at logical clock time 122.
Internal event at 1678177609992 at logical clock time 123.
Internal event at 1678177610327 at logical clock time 124.
Sent a message at 1678177610665 at logical clock time 125.
Internal event at 1678177611002 at logical clock time 126.
Internal event at 1678177611340 at logical clock time 127.
Internal event at 1678177611678 at logical clock time 128.
Sent two messages at 1678177612023 at logical clock time 129.
Internal event at 1678177612359 at logical clock time 130.
Sent a message at 1678177612697 at logical clock time 131.
Internal event at 1678177613034 at logical clock time 132.
Internal event at 1678177613370 at logical clock time 133.
Internal event at 1678177613707 at logical clock time 134.
Sent a message at 1678177614048 at logical clock time 135.
Sent two messages at 1678177614399 at logical clock time 136.
Sent a message at 1678177614741 at logical clock time 137.
Internal event at 1678177615079 at logical clock time 138.
Sent two messages at 1678177615421 at logical clock time 139.
Internal event at 1678177615758 at logical clock time 140.
Sent a message at 1678177616100 at logical clock time 141.
Internal event at 1678177616437 at logical clock time 142.
Sent a message at 1678177616774 at logical clock time 143.
Sent a message at 1678177617110 at logical clock time 144.
Internal event at 1678177617447 at logical clock time 145.
Sent a message at 1678177617787 at logical clock time 146.
Sent a message at 1678177618131 at logical clock time 147.
Sent a message at 1678177618475 at logical clock time 148.
Internal event at 1678177618809 at logical clock time 149.
Sent a message at 1678177619144 at logical clock time 150.
Sent a message at 1678177619488 at logical clock time 151.
Internal event at 1678177619821 at logical clock time 152.
Internal event at 1678177620159 at logical clock time 153.
Sent a message at 1678177620495 at logical clock time 154.
Sent a message at 1678177620838 at logical clock time 155.
Sent a message at 1678177621177 at logical clock time 156.
Sent a message at 1678177621516 at logical clock time 157.
Sent two messages at 1678177621858 at logical clock time 158.
Sent two messages at 1678177622201 at logical clock time 159.
Sent a message at 1678177622543 at logical clock time 160.
Internal event at 1678177622878 at logical clock time 161.
Internal event at 1678177623215 at logical clock time 162.
Sent two messages at 1678177623564 at logical clock time 163.
Sent a message at 1678177623909 at logical clock time 164.
Internal event at 1678177624243 at logical clock time 165.
Internal event at 1678177624579 at logical clock time 166.
Sent a message at 1678177624920 at logical clock time 167.
Sent two messages at 1678177625267 at logical clock time 168.
Internal event at 1678177625603 at logical clock time 169.
Internal event at 1678177625939 at logical clock time 170.
