Ticks per second: 2
Received message at 1678177332140 at logical clock time 0. Queue length is 0.
Sent two messages at 1678177332784 at logical clock time 1.
Sent a message at 1678177333297 at logical clock time 2.
Internal event at 1678177333799 at logical clock time 3.
Received message at 1678177334304 at logical clock time 4. Queue length is 0.
Sent a message at 1678177334813 at logical clock time 5.
Sent a message at 1678177335324 at logical clock time 6.
Sent a message at 1678177335833 at logical clock time 7.
Internal event at 1678177336335 at logical clock time 8.
Sent a message at 1678177336843 at logical clock time 9.
Sent a message at 1678177337351 at logical clock time 10.
Sent a message at 1678177337860 at logical clock time 11.
Internal event at 1678177338364 at logical clock time 12.
Sent two messages at 1678177338877 at logical clock time 13.
Sent a message at 1678177339388 at logical clock time 14.
Sent a message at 1678177339895 at logical clock time 15.
Sent a message at 1678177340401 at logical clock time 16.
Sent a message at 1678177340912 at logical clock time 17.
Internal event at 1678177341417 at logical clock time 18.
Sent two messages at 1678177341934 at logical clock time 19.
Internal event at 1678177342439 at logical clock time 20.
Sent a message at 1678177342947 at logical clock time 21.
Received message at 1678177343450 at logical clock time 22. Queue length is 0.
Internal event at 1678177343951 at logical clock time 23.
Internal event at 1678177344456 at logical clock time 24.
Sent a message at 1678177344967 at logical clock time 25.
Internal event at 1678177345471 at logical clock time 26.
Internal event at 1678177345972 at logical clock time 27.
Received message at 1678177346475 at logical clock time 28. Queue length is 0.
Internal event at 1678177346978 at logical clock time 29.
Received message at 1678177347483 at logical clock time 30. Queue length is 0.
Sent a message at 1678177347990 at logical clock time 31.
Sent a message at 1678177348501 at logical clock time 32.
Sent a message at 1678177349011 at logical clock time 33.
Internal event at 1678177349514 at logical clock time 34.
Sent a message at 1678177350022 at logical clock time 35.
Sent two messages at 1678177350532 at logical clock time 36.
Internal event at 1678177351036 at logical clock time 37.
Sent two messages at 1678177351551 at logical clock time 38.
Sent a message at 1678177352060 at logical clock time 39.
Internal event at 1678177352561 at logical clock time 40.
Sent two messages at 1678177353069 at logical clock time 41.
Sent a message at 1678177353579 at logical clock time 42.
Internal event at 1678177354081 at logical clock time 43.
Internal event at 1678177354583 at logical clock time 44.
Sent a message at 1678177355092 at logical clock time 45.
Internal event at 1678177355595 at logical clock time 46.
Sent two messages at 1678177356105 at logical clock time 47.
Internal event at 1678177356610 at logical clock time 48.
Sent a message at 1678177357116 at logical clock time 49.
Received message at 1678177357620 at logical clock time 50. Queue length is 0.
Sent two messages at 1678177358137 at logical clock time 51.
Internal event at 1678177358641 at logical clock time 52.
Internal event at 1678177359143 at logical clock time 53.
Sent two messages at 1678177359655 at logical clock time 54.
Sent two messages at 1678177360189 at logical clock time 55.
Internal event at 1678177360692 at logical clock time 56.
Sent a message at 1678177361200 at logical clock time 57.
Internal event at 1678177361703 at logical clock time 58.
Internal event at 1678177362206 at logical clock time 59.
Sent a message at 1678177362719 at logical clock time 60.
Sent a message at 1678177363229 at logical clock time 61.
Internal event at 1678177363732 at logical clock time 62.
Internal event at 1678177364235 at logical clock time 63.
Received message at 1678177364735 at logical clock time 64. Queue length is 0.
Received message at 1678177365239 at logical clock time 65. Queue length is 0.
Received message at 1678177365742 at logical clock time 66. Queue length is 0.
Received message at 1678177366247 at logical clock time 67. Queue length is 0.
Sent a message at 1678177366752 at logical clock time 68.
Sent two messages at 1678177367268 at logical clock time 69.
Sent a message at 1678177367780 at logical clock time 70.
Sent a message at 1678177368288 at logical clock time 71.
Sent a message at 1678177368792 at logical clock time 72.
Sent a message at 1678177369301 at logical clock time 73.
Sent a message at 1678177369810 at logical clock time 74.
Sent a message at 1678177370322 at logical clock time 75.
Sent a message at 1678177370831 at logical clock time 76.
Internal event at 1678177371335 at logical clock time 77.
Sent a message at 1678177371841 at logical clock time 78.
Internal event at 1678177372345 at logical clock time 79.
Internal event at 1678177372847 at logical clock time 80.
Received message at 1678177373351 at logical clock time 81. Queue length is 0.
Internal event at 1678177373856 at logical clock time 82.
Sent a message at 1678177374363 at logical clock time 83.
Internal event at 1678177374864 at logical clock time 84.
Sent a message at 1678177375372 at logical clock time 85.
Sent a message at 1678177375882 at logical clock time 86.
Received message at 1678177376384 at logical clock time 87. Queue length is 0.
Internal event at 1678177376886 at logical clock time 88.
Received message at 1678177377386 at logical clock time 89. Queue length is 0.
Sent a message at 1678177377895 at logical clock time 90.
Sent two messages at 1678177378407 at logical clock time 91.
Sent a message at 1678177378917 at logical clock time 92.
Internal event at 1678177379420 at logical clock time 93.
Sent a message at 1678177379929 at logical clock time 94.
Sent a message at 1678177380435 at logical clock time 95.
Sent a message at 1678177380945 at logical clock time 96.
Internal event at 1678177381447 at logical clock time 97.
Sent a message at 1678177381955 at logical clock time 98.
Received message at 1678177382458 at logical clock time 99. Queue length is 0.
Sent two messages at 1678177382975 at logical clock time 100.
Sent a message at 1678177383487 at logical clock time 101.
Sent two messages at 1678177384001 at logical clock time 102.
Internal event at 1678177384501 at logical clock time 103.
Sent two messages at 1678177385016 at logical clock time 104.
Sent a message at 1678177385524 at logical clock time 105.
Sent two messages at 1678177386037 at logical clock time 106.
Sent a message at 1678177386545 at logical clock time 107.
Sent a message at 1678177387054 at logical clock time 108.
Internal event at 1678177387557 at logical clock time 109.
Sent a message at 1678177388067 at logical clock time 110.
Received message at 1678177388572 at logical clock time 111. Queue length is 0.
Sent two messages at 1678177389086 at logical clock time 112.
Sent two messages at 1678177389597 at logical clock time 113.
Internal event at 1678177390097 at logical clock time 114.
Internal event at 1678177390598 at logical clock time 115.
