Ticks per second: 3
Received message at 1678177407723 at logical clock time 0. Queue length is 0.
Sent two messages at 1678177408198 at logical clock time 1.
Internal event at 1678177408532 at logical clock time 2.
Sent a message at 1678177408878 at logical clock time 3.
Internal event at 1678177409213 at logical clock time 4.
Internal event at 1678177409548 at logical clock time 5.
Internal event at 1678177409885 at logical clock time 6.
Received message at 1678177410223 at logical clock time 7. Queue length is 0.
Sent a message at 1678177410562 at logical clock time 8.
Sent a message at 1678177410905 at logical clock time 9.
Sent a message at 1678177411247 at logical clock time 10.
Internal event at 1678177411583 at logical clock time 11.
Internal event at 1678177411919 at logical clock time 12.
Received message at 1678177412256 at logical clock time 13. Queue length is 0.
Received message at 1678177412592 at logical clock time 14. Queue length is 0.
Sent a message at 1678177412939 at logical clock time 15.
Received message at 1678177413276 at logical clock time 16. Queue length is 0.
Internal event at 1678177413611 at logical clock time 17.
Sent a message at 1678177413950 at logical clock time 18.
Sent two messages at 1678177414299 at logical clock time 19.
Sent two messages at 1678177414647 at logical clock time 20.
Sent a message at 1678177414988 at logical clock time 21.
Sent a message at 1678177415330 at logical clock time 22.
Sent two messages at 1678177415683 at logical clock time 23.
Internal event at 1678177416020 at logical clock time 24.
Sent two messages at 1678177416368 at logical clock time 25.
Internal event at 1678177416706 at logical clock time 26.
Internal event at 1678177417043 at logical clock time 27.
Internal event at 1678177417381 at logical clock time 28.
Internal event at 1678177417714 at logical clock time 29.
Sent two messages at 1678177418054 at logical clock time 30.
Internal event at 1678177418387 at logical clock time 31.
Sent two messages at 1678177418738 at logical clock time 32.
Sent a message at 1678177419081 at logical clock time 33.
Sent a message at 1678177419428 at logical clock time 34.
Sent two messages at 1678177419778 at logical clock time 35.
Sent a message at 1678177420122 at logical clock time 36.
Sent a message at 1678177420463 at logical clock time 37.
Sent a message at 1678177420806 at logical clock time 38.
Sent a message at 1678177421149 at logical clock time 39.
Sent a message at 1678177421494 at logical clock time 40.
Sent a message at 1678177421837 at logical clock time 41.
Sent a message at 1678177422182 at logical clock time 42.
Internal event at 1678177422520 at logical clock time 43.
Internal event at 1678177422858 at logical clock time 44.
Internal event at 1678177423195 at logical clock time 45.
Internal event at 1678177423532 at logical clock time 46.
Received message at 1678177423870 at logical clock time 47. Queue length is 0.
Sent a message at 1678177424211 at logical clock time 48.
Sent a message at 1678177424552 at logical clock time 49.
Sent two messages at 1678177424899 at logical clock time 50.
Internal event at 1678177425235 at logical clock time 51.
Sent a message at 1678177425576 at logical clock time 52.
Internal event at 1678177425909 at logical clock time 53.
Sent a message at 1678177426257 at logical clock time 54.
Sent two messages at 1678177426606 at logical clock time 55.
Internal event at 1678177426940 at logical clock time 56.
Received message at 1678177427277 at logical clock time 57. Queue length is 0.
Sent two messages at 1678177427626 at logical clock time 58.
Sent two messages at 1678177427973 at logical clock time 59.
Sent a message at 1678177428314 at logical clock time 60.
Sent a message at 1678177428657 at logical clock time 61.
Internal event at 1678177428992 at logical clock time 62.
Internal event at 1678177429327 at logical clock time 63.
Sent a message at 1678177429668 at logical clock time 64.
Received message at 1678177430006 at logical clock time 65. Queue length is 0.
Sent a message at 1678177430348 at logical clock time 66.
Internal event at 1678177430683 at logical clock time 67.
Received message at 1678177431021 at logical clock time 68. Queue length is 0.
Internal event at 1678177431358 at logical clock time 69.
Internal event at 1678177431694 at logical clock time 70.
Received message at 1678177432029 at logical clock time 71. Queue length is 0.
Sent a message at 1678177432372 at logical clock time 72.
Internal event at 1678177432708 at logical clock time 73.
Received message at 1678177433045 at logical clock time 74. Queue length is 0.
Sent a message at 1678177433388 at logical clock time 75.
Sent a message at 1678177433732 at logical clock time 76.
Received message at 1678177434070 at logical clock time 77. Queue length is 0.
Received message at 1678177434406 at logical clock time 78. Queue length is 0.
Sent a message at 1678177434746 at logical clock time 79.
Internal event at 1678177435081 at logical clock time 80.
Received message at 1678177435418 at logical clock time 81. Queue length is 0.
Sent a message at 1678177435760 at logical clock time 82.
Internal event at 1678177436098 at logical clock time 83.
Internal event at 1678177436431 at logical clock time 84.
Internal event at 1678177436768 at logical clock time 85.
Sent a message at 1678177437112 at logical clock time 86.
Sent a message at 1678177437453 at logical clock time 87.
Internal event at 1678177437788 at logical clock time 88.
Internal event at 1678177438121 at logical clock time 89.
Received message at 1678177438458 at logical clock time 90. Queue length is 0.
Sent a message at 1678177438799 at logical clock time 91.
Sent a message at 1678177439138 at logical clock time 92.
Internal event at 1678177439472 at logical clock time 93.
Internal event at 1678177439810 at logical clock time 94.
Sent two messages at 1678177440153 at logical clock time 95.
Internal event at 1678177440490 at logical clock time 96.
Sent a message at 1678177440831 at logical clock time 97.
Received message at 1678177441169 at logical clock time 98. Queue length is 0.
Sent a message at 1678177441510 at logical clock time 99.
Sent two messages at 1678177441853 at logical clock time 100.
Sent a message at 1678177442197 at logical clock time 101.
Sent a message at 1678177442537 at logical clock time 102.
Internal event at 1678177442873 at logical clock time 103.
Internal event at 1678177443210 at logical clock time 104.
Internal event at 1678177443543 at logical clock time 105.
Sent two messages at 1678177443889 at logical clock time 106.
Sent a message at 1678177444232 at logical clock time 107.
Sent a message at 1678177444576 at logical clock time 108.
Sent two messages at 1678177444927 at logical clock time 109.
Sent a message at 1678177445267 at logical clock time 110.
Sent two messages at 1678177445614 at logical clock time 111.
Internal event at 1678177445950 at logical clock time 112.
Internal event at 1678177446285 at logical clock time 113.
Sent two messages at 1678177446634 at logical clock time 114.
Internal event at 1678177446971 at logical clock time 115.
Internal event at 1678177447306 at logical clock time 116.
Received message at 1678177447640 at logical clock time 117. Queue length is 0.
Sent a message at 1678177447977 at logical clock time 118.
Sent two messages at 1678177448324 at logical clock time 119.
Internal event at 1678177448660 at logical clock time 120.
Received message at 1678177448998 at logical clock time 121. Queue length is 0.
Sent a message at 1678177449343 at logical clock time 122.
Internal event at 1678177449677 at logical clock time 123.
Sent two messages at 1678177450020 at logical clock time 124.
Internal event at 1678177450358 at logical clock time 125.
Sent two messages at 1678177450701 at logical clock time 126.
Sent two messages at 1678177451045 at logical clock time 127.
Internal event at 1678177451382 at logical clock time 128.
Sent a message at 1678177451726 at logical clock time 129.
Internal event at 1678177452062 at logical clock time 130.
Internal event at 1678177452399 at logical clock time 131.
Sent two messages at 1678177452745 at logical clock time 132.
Sent two messages at 1678177453091 at logical clock time 133.
Sent two messages at 1678177453440 at logical clock time 134.
Sent a message at 1678177453780 at logical clock time 135.
Internal event at 1678177454114 at logical clock time 136.
Sent two messages at 1678177454463 at logical clock time 137.
Sent two messages at 1678177454805 at logical clock time 138.
Internal event at 1678177455141 at logical clock time 139.
Sent a message at 1678177455477 at logical clock time 140.
Sent two messages at 1678177455824 at logical clock time 141.
Internal event at 1678177456161 at logical clock time 142.
Sent a message at 1678177456502 at logical clock time 143.
Received message at 1678177456839 at logical clock time 144. Queue length is 0.
Sent a message at 1678177457183 at logical clock time 145.
Internal event at 1678177457520 at logical clock time 146.
Sent two messages at 1678177457862 at logical clock time 147.
Sent two messages at 1678177458207 at logical clock time 148.
Sent two messages at 1678177458553 at logical clock time 149.
Sent a message at 1678177458892 at logical clock time 150.
Internal event at 1678177459226 at logical clock time 151.
Internal event at 1678177459564 at logical clock time 152.
Sent two messages at 1678177459913 at logical clock time 153.
Sent a message at 1678177460251 at logical clock time 154.
Received message at 1678177460589 at logical clock time 155. Queue length is 0.
Sent a message at 1678177460930 at logical clock time 156.
Internal event at 1678177461269 at logical clock time 157.
Received message at 1678177461606 at logical clock time 158. Queue length is 0.
Internal event at 1678177461943 at logical clock time 159.
Internal event at 1678177462281 at logical clock time 160.
Received message at 1678177462619 at logical clock time 161. Queue length is 0.
Sent two messages at 1678177462970 at logical clock time 162.
Sent two messages at 1678177463315 at logical clock time 163.
Sent a message at 1678177463652 at logical clock time 164.
Internal event at 1678177463987 at logical clock time 165.
Sent a message at 1678177464324 at logical clock time 166.
Internal event at 1678177464662 at logical clock time 167.
Sent a message at 1678177465001 at logical clock time 168.
Sent a message at 1678177465342 at logical clock time 169.
Sent a message at 1678177465680 at logical clock time 170.
Internal event at 1678177466019 at logical clock time 171.
